#-----------------------------------------------------------
# Vivado v2020.1 (64-bit)
# SW Build 2902540 on Wed May 27 19:54:49 MDT 2020
# IP Build 2902112 on Wed May 27 22:43:36 MDT 2020
# Start of session at: Sat May 17 15:04:09 2025
# Process ID: 8924
# Current directory: C:/Users/dell/Desktop/PFA_PROJET_FINAL/ip_matlab_fir
# Command line: vivado.exe -mode batch -source ProjectGeneration.tcl -notrace
# Log file: C:/Users/dell/Desktop/PFA_PROJET_FINAL/ip_matlab_fir/vivado.log
# Journal file: C:/Users/dell/Desktop/PFA_PROJET_FINAL/ip_matlab_fir\vivado.jou
#-----------------------------------------------------------
source ProjectGeneration.tcl -notrace
WARNING: [Coretcl 2-176] No IPs found
INFO: [IP_Flow 19-234] Refreshing IP repositories
INFO: [IP_Flow 19-1704] No user IP repositories specified
INFO: [IP_Flow 19-2313] Loaded Vivado IP repository 'D:/Xilinx/Vivado/2020.1/data/ip'.
WARNING: [IP_Flow 19-4832] The IP name 'matlab_fir_c_addsub_v12_0_i0' you have specified is long. The Windows operating system has path length limitations. It is recommended you use shorter names to reduce the likelihood of issues.
WARNING: [Vivado 12-3523] Attempt to change 'Component_Name' from 'matlab_fir_c_addsub_v12_0_i0' to 'matlab_fir_c_addsub_v12_0_i0' is not allowed and is ignored.
WARNING: [IP_Flow 19-3374] An attempt to modify the value of disabled parameter 'B_Value' from '00000000000000000' to '0' has been ignored for IP 'matlab_fir_c_addsub_v12_0_i0'
WARNING: [IP_Flow 19-3374] An attempt to modify the value of disabled parameter 'Bypass_Sense' from 'Active_High' to 'Active_Low' has been ignored for IP 'matlab_fir_c_addsub_v12_0_i0'
WARNING: [IP_Flow 19-3374] An attempt to modify the value of disabled parameter 'Bypass_CE_Priority' from 'CE_Overrides_Bypass' to 'Bypass_Overrides_CE' has been ignored for IP 'matlab_fir_c_addsub_v12_0_i0'
WARNING: [IP_Flow 19-4832] The IP name 'matlab_fir_c_addsub_v12_0_i1' you have specified is long. The Windows operating system has path length limitations. It is recommended you use shorter names to reduce the likelihood of issues.
WARNING: [Vivado 12-3523] Attempt to change 'Component_Name' from 'matlab_fir_c_addsub_v12_0_i1' to 'matlab_fir_c_addsub_v12_0_i1' is not allowed and is ignored.
WARNING: [IP_Flow 19-3374] An attempt to modify the value of disabled parameter 'B_Value' from '000000000000000000' to '0' has been ignored for IP 'matlab_fir_c_addsub_v12_0_i1'
WARNING: [IP_Flow 19-3374] An attempt to modify the value of disabled parameter 'Bypass_Sense' from 'Active_High' to 'Active_Low' has been ignored for IP 'matlab_fir_c_addsub_v12_0_i1'
WARNING: [IP_Flow 19-3374] An attempt to modify the value of disabled parameter 'Bypass_CE_Priority' from 'CE_Overrides_Bypass' to 'Bypass_Overrides_CE' has been ignored for IP 'matlab_fir_c_addsub_v12_0_i1'
WARNING: [IP_Flow 19-4832] The IP name 'matlab_fir_mult_gen_v12_0_i0' you have specified is long. The Windows operating system has path length limitations. It is recommended you use shorter names to reduce the likelihood of issues.
WARNING: [Vivado 12-3523] Attempt to change 'Component_Name' from 'matlab_fir_mult_gen_v12_0_i0' to 'matlab_fir_mult_gen_v12_0_i0' is not allowed and is ignored.
IP Repository Located at : D:/Xilinx/Vivado/2020.1/data/ip
Scanning sources...
Finished scanning sources
INFO: [IP_Flow 19-234] Refreshing IP repositories
INFO: [IP_Flow 19-1704] No user IP repositories specified
INFO: [IP_Flow 19-2313] Loaded Vivado IP repository 'D:/Xilinx/Vivado/2020.1/data/ip'.
Adding File c:/Users/dell/Desktop/PFA_PROJET_FINAL/ip_matlab_fir/ip_catalog/matlab_fir.srcs/sources_1/ip/matlab_fir_c_addsub_v12_0_i0/matlab_fir_c_addsub_v12_0_i0.xci
Adding File c:/Users/dell/Desktop/PFA_PROJET_FINAL/ip_matlab_fir/ip_catalog/matlab_fir.srcs/sources_1/ip/matlab_fir_c_addsub_v12_0_i1/matlab_fir_c_addsub_v12_0_i1.xci
Adding File c:/Users/dell/Desktop/PFA_PROJET_FINAL/ip_matlab_fir/ip_catalog/matlab_fir.srcs/sources_1/ip/matlab_fir_mult_gen_v12_0_i0/matlab_fir_mult_gen_v12_0_i0.xci
Adding File C:/Users/dell/Desktop/PFA_PROJET_FINAL/ip_matlab_fir/sysgen/matlab_fir.xdc
INFO: [IP_Flow 19-5107] Inferred bus interface 'clk' of definition 'xilinx.com:signal:clock:1.0' (from TCL Argument).
WARNING: [IP_Flow 19-5661] Bus Interface 'clk' does not have any bus interfaces associated with it.
INFO: [IP_Flow 19-2181] Payment Required is not set for this core.
INFO: [IP_Flow 19-2187] The Product Guide file is missing.
INFO: [Ipptcl 7-1486] check_integrity: Integrity check passed.
INFO: [IP_Flow 19-234] Refreshing IP repositories
INFO: [IP_Flow 19-1700] Loaded user IP repository 'c:/Users/dell/Desktop/PFA_PROJET_FINAL/ip_matlab_fir/ip'.
WARNING: [IP_Flow 19-3656] If you move the project, the path for repository 'c:/Users/dell/Desktop/PFA_PROJET_FINAL/ip_matlab_fir/ip' may become invalid. A better location for the repository would be in a path adjacent to the project. (Current project location is 'c:/Users/dell/Desktop/PFA_PROJET_FINAL/ip_matlab_fir/ip_catalog'.)
0
Wrote  : <C:\Users\dell\Desktop\PFA_PROJET_FINAL\ip_matlab_fir\ip_catalog\matlab_fir.srcs\sources_1\bd\matlab_fir_bd\matlab_fir_bd.bd> 
WARNING: [BD 5-232] No interface pins matched 'get_bd_intf_pins /matlab_fir_1/*'
WARNING: [BD 5-232] No interface pins matched 'get_bd_intf_pins /matlab_fir_1/*'
WARNING: [BD 5-670] It is required to provide a frequency value for a user created input clock port. Please use the <-freq_hz $freq_val> argument of the create_bd_port command. ie create_bd_port -dir I -type clk -freq_hz 100000000 clkin
WARNING: [BD 5-232] No interface pins matched 'get_bd_intf_pins /matlab_fir_1/*'
Wrote  : <C:\Users\dell\Desktop\PFA_PROJET_FINAL\ip_matlab_fir\ip_catalog\matlab_fir.srcs\sources_1\bd\matlab_fir_bd\matlab_fir_bd.bd> 
INFO: [Common 17-206] Exiting Vivado at Sat May 17 15:04:27 2025...
